\BOOKMARK [1][-]{section.1}{\376\377\000I\000n\000t\000r\000o\000d\000u\000z\000i\000o\000n\000e}{}% 1
\BOOKMARK [1][-]{section.2}{\376\377\000A\000n\000a\000l\000i\000s\000i\000\040\000d\000e\000i\000\040\000r\000e\000q\000u\000i\000s\000i\000t\000i}{}% 2
\BOOKMARK [2][-]{subsection.2.1}{\376\377\000R\000e\000q\000u\000i\000s\000i\000t\000i\000\040\000F\000u\000n\000z\000i\000o\000n\000a\000l\000i}{section.2}% 3
\BOOKMARK [3][-]{subsubsection.2.1.1}{\376\377\000R\000e\000q\000u\000i\000s\000i\000t\000i\000\040\000f\000u\000n\000z\000i\000o\000n\000a\000l\000i\000\040\000d\000e\000l\000\040\000c\000l\000i\000e\000n\000t\000e}{subsection.2.1}% 4
\BOOKMARK [3][-]{subsubsection.2.1.2}{\376\377\000R\000e\000q\000u\000i\000s\000i\000t\000i\000\040\000f\000u\000n\000z\000i\000o\000n\000a\000l\000i\000\040\000d\000e\000l\000\040\000d\000i\000p\000e\000n\000d\000e\000n\000t\000e}{subsection.2.1}% 5
\BOOKMARK [3][-]{subsubsection.2.1.3}{\376\377\000R\000e\000q\000u\000i\000s\000i\000t\000i\000\040\000f\000u\000n\000z\000i\000o\000n\000a\000l\000i\000\040\000d\000e\000l\000l\000'\000a\000m\000m\000i\000n\000i\000s\000t\000r\000a\000t\000o\000r\000e}{subsection.2.1}% 6
\BOOKMARK [2][-]{subsection.2.2}{\376\377\000R\000e\000q\000u\000i\000s\000i\000t\000i\000\040\000n\000o\000n\000\040\000f\000u\000n\000z\000i\000o\000n\000a\000l\000i}{section.2}% 7
\BOOKMARK [3][-]{subsubsection.2.2.1}{\376\377\000R\000e\000q\000u\000i\000s\000i\000t\000i\000\040\000d\000i\000\040\000s\000c\000a\000l\000a\000b\000i\000l\000i\000t\000\340}{subsection.2.2}% 8
\BOOKMARK [3][-]{subsubsection.2.2.2}{\376\377\000R\000e\000q\000u\000i\000s\000i\000t\000i\000\040\000d\000i\000\040\000s\000i\000c\000u\000r\000e\000z\000z\000a}{subsection.2.2}% 9
\BOOKMARK [3][-]{subsubsection.2.2.3}{\376\377\000R\000e\000q\000u\000i\000s\000i\000t\000i\000\040\000d\000i\000\040\000u\000s\000a\000b\000i\000l\000i\000t\000\340}{subsection.2.2}% 10
\BOOKMARK [3][-]{subsubsection.2.2.4}{\376\377\000R\000e\000q\000u\000i\000s\000i\000t\000i\000\040\000d\000i\000\040\000m\000a\000n\000u\000t\000e\000n\000i\000b\000i\000l\000i\000t\000\340}{subsection.2.2}% 11
\BOOKMARK [1][-]{section.3}{\376\377\000U\000s\000e\000\040\000C\000a\000s\000e\000\040\000D\000i\000a\000g\000r\000a\000m\000s}{}% 12
\BOOKMARK [2][-]{subsection.3.1}{\376\377\000U\000s\000e\000\040\000C\000a\000s\000e\000\040\000T\000e\000m\000p\000l\000a\000t\000e\000s}{section.3}% 13
\BOOKMARK [3][-]{subsubsection.3.1.1}{\376\377\000C\000a\000s\000i\000\040\000d\000'\000u\000s\000o\000\040\000p\000r\000i\000n\000c\000i\000p\000a\000l\000i\000\040\000d\000i\000\040\000u\000n\000\040\000c\000l\000i\000e\000n\000t\000e}{subsection.3.1}% 14
\BOOKMARK [3][-]{subsubsection.3.1.2}{\376\377\000C\000a\000s\000i\000\040\000d\000'\000u\000s\000o\000\040\000p\000r\000i\000n\000c\000i\000p\000a\000l\000i\000\040\000d\000i\000\040\000u\000n\000\040\000d\000i\000p\000e\000n\000d\000e\000n\000t\000e}{subsection.3.1}% 15
\BOOKMARK [3][-]{subsubsection.3.1.3}{\376\377\000C\000a\000s\000i\000\040\000d\000'\000u\000s\000o\000\040\000p\000r\000i\000n\000c\000i\000p\000a\000l\000i\000\040\000d\000e\000l\000l\000'\000a\000m\000m\000i\000n\000i\000s\000t\000r\000a\000t\000o\000r\000e}{subsection.3.1}% 16
\BOOKMARK [2][-]{subsection.3.2}{\376\377\000M\000o\000c\000k\000u\000p\000s}{section.3}% 17
\BOOKMARK [3][-]{subsubsection.3.2.1}{\376\377\000R\000e\000s\000e\000r\000v\000e\000\040\000P\000r\000o\000d\000u\000c\000t}{subsection.3.2}% 18
\BOOKMARK [3][-]{subsubsection.3.2.2}{\376\377\000A\000d\000d\000\040\000T\000o\000\040\000S\000t\000o\000r\000a\000g\000e}{subsection.3.2}% 19
\BOOKMARK [3][-]{subsubsection.3.2.3}{\376\377\000R\000e\000q\000u\000e\000s\000t\000\040\000P\000r\000o\000d\000u\000c\000t}{subsection.3.2}% 20
\BOOKMARK [3][-]{subsubsection.3.2.4}{\376\377\000C\000r\000e\000a\000t\000e\000\040\000D\000e\000t\000a\000i\000l}{subsection.3.2}% 21
\BOOKMARK [2][-]{subsection.3.3}{\376\377\000C\000l\000a\000s\000s\000\040\000D\000i\000a\000g\000r\000a\000m}{section.3}% 22
\BOOKMARK [2][-]{subsection.3.4}{\376\377\000D\000A\000O\000\040\000P\000a\000t\000t\000e\000r\000n}{section.3}% 23
\BOOKMARK [2][-]{subsection.3.5}{\376\377\000E\000n\000t\000i\000t\000y\000\040\000R\000e\000l\000a\000t\000i\000o\000n\000s\000h\000i\000p\000\040\000D\000i\000a\000g\000r\000a\000m}{section.3}% 24
\BOOKMARK [1][-]{section.4}{\376\377\000I\000m\000p\000l\000e\000m\000e\000n\000t\000a\000z\000i\000o\000n\000i\000\040\000d\000e\000l\000l\000e\000\040\000c\000l\000a\000s\000s\000i}{}% 25
\BOOKMARK [2][-]{subsection.4.1}{\376\377\000d\000o\000m\000a\000i\000n\000M\000o\000d\000e\000l}{section.4}% 26
\BOOKMARK [3][-]{subsubsection.4.1.1}{\376\377\000D\000e\000t\000a\000i\000l}{subsection.4.1}% 27
\BOOKMARK [3][-]{subsubsection.4.1.2}{\376\377\000P\000r\000o\000d\000u\000c\000t}{subsection.4.1}% 28
\BOOKMARK [3][-]{subsubsection.4.1.3}{\376\377\000C\000u\000s\000t\000o\000m\000e\000r}{subsection.4.1}% 29
\BOOKMARK [3][-]{subsubsection.4.1.4}{\376\377\000E\000m\000p\000l\000o\000y\000e\000e}{subsection.4.1}% 30
\BOOKMARK [3][-]{subsubsection.4.1.5}{\376\377\000C\000a\000s\000h\000d\000e\000s\000k}{subsection.4.1}% 31
\BOOKMARK [2][-]{subsection.4.2}{\376\377\000b\000u\000s\000i\000n\000e\000s\000s\000L\000o\000g\000i\000c}{section.4}% 32
\BOOKMARK [3][-]{subsubsection.4.2.1}{\376\377\000D\000e\000t\000a\000i\000l\000C\000o\000n\000t\000r\000o\000l\000l\000e\000r}{subsection.4.2}% 33
\BOOKMARK [3][-]{subsubsection.4.2.2}{\376\377\000P\000r\000o\000d\000u\000c\000t\000C\000o\000n\000t\000r\000o\000l\000l\000e\000r}{subsection.4.2}% 34
\BOOKMARK [3][-]{subsubsection.4.2.3}{\376\377\000C\000u\000s\000t\000o\000m\000e\000r\000C\000o\000n\000t\000r\000o\000l\000l\000e\000r}{subsection.4.2}% 35
\BOOKMARK [3][-]{subsubsection.4.2.4}{\376\377\000E\000m\000p\000l\000o\000y\000e\000e\000C\000o\000n\000t\000r\000o\000l\000l\000e\000r}{subsection.4.2}% 36
\BOOKMARK [2][-]{subsection.4.3}{\376\377\000D\000A\000O}{section.4}% 37
\BOOKMARK [3][-]{subsubsection.4.3.1}{\376\377\000J\000P\000A\000\040\000R\000e\000p\000o\000s\000i\000t\000o\000r\000i\000e\000s}{subsection.4.3}% 38
\BOOKMARK [3][-]{subsubsection.4.3.2}{\376\377\000S\000o\000f\000t\000w\000a\000r\000e\000D\000A\000O}{subsection.4.3}% 39
\BOOKMARK [2][-]{subsection.4.4}{\376\377\000m\000a\000i\000l\000M\000a\000n\000a\000g\000e\000r}{section.4}% 40
\BOOKMARK [3][-]{subsubsection.4.4.1}{\376\377\000E\000m\000a\000i\000l\000S\000e\000n\000d\000e\000r\000S\000e\000r\000v\000i\000c\000e}{subsection.4.4}% 41
\BOOKMARK [3][-]{subsubsection.4.4.2}{\376\377\000E\000m\000a\000i\000l\000C\000o\000n\000t\000r\000o\000l\000l\000e\000r}{subsection.4.4}% 42
\BOOKMARK [2][-]{subsection.4.5}{\376\377\000G\000U\000I}{section.4}% 43
\BOOKMARK [1][-]{section.5}{\376\377\000T\000e\000s\000t\000\040\000\050\000J\000U\000n\000i\000t\000\051}{}% 44
\BOOKMARK [2][-]{subsection.5.1}{\376\377\000g\000e\000t\000P\000r\000o\000d\000u\000c\000t\000s\000B\000y\000G\000a\000m\000e\000I\000d\000T\000e\000s\000t}{section.5}% 45
\BOOKMARK [2][-]{subsection.5.2}{\376\377\000e\000x\000i\000s\000t\000D\000e\000t\000a\000i\000l\000B\000y\000N\000a\000m\000e\000T\000e\000s\000t}{section.5}% 46
\BOOKMARK [2][-]{subsection.5.3}{\376\377\000a\000d\000d\000P\000r\000o\000d\000u\000c\000t\000T\000e\000s\000t}{section.5}% 47
\BOOKMARK [1][-]{section.6}{\376\377\000N\000o\000t\000e\000\040\000s\000u\000l\000l\000a\000\040\000c\000o\000n\000n\000e\000s\000s\000i\000o\000n\000e\000\040\000a\000l\000\040\000D\000a\000t\000a\000b\000a\000s\000e}{}% 48
\BOOKMARK [2][-]{subsection.6.1}{\376\377\000D\000B\000M\000S\000:\000\040\000M\000y\000S\000Q\000L}{section.6}% 49
\BOOKMARK [2][-]{subsection.6.2}{\376\377\000I\000n\000i\000z\000i\000a\000l\000i\000z\000z\000a\000z\000i\000o\000n\000e\000\040\000d\000e\000l\000l\000a\000\040\000c\000o\000n\000n\000e\000s\000s\000i\000o\000n\000e}{section.6}% 50
\BOOKMARK [2][-]{subsection.6.3}{\376\377\000M\000a\000p\000p\000a\000t\000u\000r\000a\000\040\000d\000e\000l\000l\000e\000\040\000c\000l\000a\000s\000s\000i\000\040\000J\000a\000v\000a\000\040\000n\000e\000l\000\040\000D\000a\000t\000a\000b\000a\000s\000e}{section.6}% 51
\BOOKMARK [2][-]{subsection.6.4}{\376\377\000I\000m\000p\000l\000e\000m\000e\000n\000t\000a\000z\000i\000o\000n\000e\000\040\000d\000e\000l\000l\000e\000\040\000q\000u\000e\000r\000y}{section.6}% 52
\BOOKMARK [2][-]{subsection.6.5}{\376\377\000R\000e\000t\000e\000\040\000p\000r\000i\000v\000a\000t\000a\000:\000\040\000H\000a\000m\000a\000c\000h\000i}{section.6}% 53
